CRITICAL - 2023-12-15 11:13:20 --> Undefined array key "id"
in APPPATH\Views\students\index.php on line 41.
 1 APPPATH\Views\students\index.php(41): CodeIgniter\Debug\Exceptions->errorHandler(2, 'Undefined array key "id"', 'C:\\xampp\\htdocs\\codeigniter4-framework-c84d322\\app\\Views\\students\\index.php', 41)
 2 SYSTEMPATH\View\View.php(228): include('C:\\xampp\\htdocs\\codeigniter4-framework-c84d322\\app\\Views\\students\\index.php')
 3 SYSTEMPATH\View\View.php(231): CodeIgniter\View\View->CodeIgniter\View\{closure}()
 4 SYSTEMPATH\Common.php(1190): CodeIgniter\View\View->render('students/index.php', [], true)
 5 APPPATH\Controllers\Studentcontroller.php(11): view('students/index.php', [...])
 6 SYSTEMPATH\CodeIgniter.php(942): App\Controllers\Studentcontroller->index()
 7 SYSTEMPATH\CodeIgniter.php(502): CodeIgniter\CodeIgniter->runController(Object(App\Controllers\Studentcontroller))
 8 SYSTEMPATH\CodeIgniter.php(361): CodeIgniter\CodeIgniter->handleRequest(null, Object(Config\Cache), false)
 9 FCPATH\index.php(79): CodeIgniter\CodeIgniter->run()
CRITICAL - 2023-12-15 11:58:21 --> Undefined array key "id"
in APPPATH\Views\students\index.php on line 48.
 1 APPPATH\Views\students\index.php(48): CodeIgniter\Debug\Exceptions->errorHandler(2, 'Undefined array key "id"', 'C:\\xampp\\htdocs\\codeigniter4-framework-c84d322\\app\\Views\\students\\index.php', 48)
 2 SYSTEMPATH\View\View.php(228): include('C:\\xampp\\htdocs\\codeigniter4-framework-c84d322\\app\\Views\\students\\index.php')
 3 SYSTEMPATH\View\View.php(231): CodeIgniter\View\View->CodeIgniter\View\{closure}()
 4 SYSTEMPATH\Common.php(1190): CodeIgniter\View\View->render('students/index.php', [], true)
 5 APPPATH\Controllers\Studentcontroller.php(11): view('students/index.php', [...])
 6 SYSTEMPATH\CodeIgniter.php(942): App\Controllers\Studentcontroller->index()
 7 SYSTEMPATH\CodeIgniter.php(502): CodeIgniter\CodeIgniter->runController(Object(App\Controllers\Studentcontroller))
 8 SYSTEMPATH\CodeIgniter.php(361): CodeIgniter\CodeIgniter->handleRequest(null, Object(Config\Cache), false)
 9 FCPATH\index.php(79): CodeIgniter\CodeIgniter->run()
CRITICAL - 2023-12-15 11:58:21 --> Undefined array key "id"
in APPPATH\Views\students\index.php on line 48.
 1 APPPATH\Views\students\index.php(48): CodeIgniter\Debug\Exceptions->errorHandler(2, 'Undefined array key "id"', 'C:\\xampp\\htdocs\\codeigniter4-framework-c84d322\\app\\Views\\students\\index.php', 48)
 2 SYSTEMPATH\View\View.php(228): include('C:\\xampp\\htdocs\\codeigniter4-framework-c84d322\\app\\Views\\students\\index.php')
 3 SYSTEMPATH\View\View.php(231): CodeIgniter\View\View->CodeIgniter\View\{closure}()
 4 SYSTEMPATH\Common.php(1190): CodeIgniter\View\View->render('students/index.php', [], true)
 5 APPPATH\Controllers\Studentcontroller.php(11): view('students/index.php', [...])
 6 SYSTEMPATH\CodeIgniter.php(942): App\Controllers\Studentcontroller->index()
 7 SYSTEMPATH\CodeIgniter.php(502): CodeIgniter\CodeIgniter->runController(Object(App\Controllers\Studentcontroller))
 8 SYSTEMPATH\CodeIgniter.php(361): CodeIgniter\CodeIgniter->handleRequest(null, Object(Config\Cache), false)
 9 FCPATH\index.php(79): CodeIgniter\CodeIgniter->run()
CRITICAL - 2023-12-15 11:58:31 --> Undefined array key "id"
in APPPATH\Views\students\index.php on line 48.
 1 APPPATH\Views\students\index.php(48): CodeIgniter\Debug\Exceptions->errorHandler(2, 'Undefined array key "id"', 'C:\\xampp\\htdocs\\codeigniter4-framework-c84d322\\app\\Views\\students\\index.php', 48)
 2 SYSTEMPATH\View\View.php(228): include('C:\\xampp\\htdocs\\codeigniter4-framework-c84d322\\app\\Views\\students\\index.php')
 3 SYSTEMPATH\View\View.php(231): CodeIgniter\View\View->CodeIgniter\View\{closure}()
 4 SYSTEMPATH\Common.php(1190): CodeIgniter\View\View->render('students/index.php', [], true)
 5 APPPATH\Controllers\Studentcontroller.php(11): view('students/index.php', [...])
 6 SYSTEMPATH\CodeIgniter.php(942): App\Controllers\Studentcontroller->index()
 7 SYSTEMPATH\CodeIgniter.php(502): CodeIgniter\CodeIgniter->runController(Object(App\Controllers\Studentcontroller))
 8 SYSTEMPATH\CodeIgniter.php(361): CodeIgniter\CodeIgniter->handleRequest(null, Object(Config\Cache), false)
 9 FCPATH\index.php(79): CodeIgniter\CodeIgniter->run()
CRITICAL - 2023-12-15 11:59:27 --> Undefined array key "id"
in APPPATH\Views\students\index.php on line 42.
 1 APPPATH\Views\students\index.php(42): CodeIgniter\Debug\Exceptions->errorHandler(2, 'Undefined array key "id"', 'C:\\xampp\\htdocs\\codeigniter4-framework-c84d322\\app\\Views\\students\\index.php', 42)
 2 SYSTEMPATH\View\View.php(228): include('C:\\xampp\\htdocs\\codeigniter4-framework-c84d322\\app\\Views\\students\\index.php')
 3 SYSTEMPATH\View\View.php(231): CodeIgniter\View\View->CodeIgniter\View\{closure}()
 4 SYSTEMPATH\Common.php(1190): CodeIgniter\View\View->render('students/index.php', [], true)
 5 APPPATH\Controllers\Studentcontroller.php(11): view('students/index.php', [...])
 6 SYSTEMPATH\CodeIgniter.php(942): App\Controllers\Studentcontroller->index()
 7 SYSTEMPATH\CodeIgniter.php(502): CodeIgniter\CodeIgniter->runController(Object(App\Controllers\Studentcontroller))
 8 SYSTEMPATH\CodeIgniter.php(361): CodeIgniter\CodeIgniter->handleRequest(null, Object(Config\Cache), false)
 9 FCPATH\index.php(79): CodeIgniter\CodeIgniter->run()
CRITICAL - 2023-12-15 12:00:10 --> Undefined array key "id"
in APPPATH\Views\students\index.php on line 42.
 1 APPPATH\Views\students\index.php(42): CodeIgniter\Debug\Exceptions->errorHandler(2, 'Undefined array key "id"', 'C:\\xampp\\htdocs\\codeigniter4-framework-c84d322\\app\\Views\\students\\index.php', 42)
 2 SYSTEMPATH\View\View.php(228): include('C:\\xampp\\htdocs\\codeigniter4-framework-c84d322\\app\\Views\\students\\index.php')
 3 SYSTEMPATH\View\View.php(231): CodeIgniter\View\View->CodeIgniter\View\{closure}()
 4 SYSTEMPATH\Common.php(1190): CodeIgniter\View\View->render('students/index.php', [], true)
 5 APPPATH\Controllers\Studentcontroller.php(11): view('students/index.php', [...])
 6 SYSTEMPATH\CodeIgniter.php(942): App\Controllers\Studentcontroller->index()
 7 SYSTEMPATH\CodeIgniter.php(502): CodeIgniter\CodeIgniter->runController(Object(App\Controllers\Studentcontroller))
 8 SYSTEMPATH\CodeIgniter.php(361): CodeIgniter\CodeIgniter->handleRequest(null, Object(Config\Cache), false)
 9 FCPATH\index.php(79): CodeIgniter\CodeIgniter->run()
CRITICAL - 2023-12-15 12:00:12 --> Undefined array key "id"
in APPPATH\Views\students\index.php on line 42.
 1 APPPATH\Views\students\index.php(42): CodeIgniter\Debug\Exceptions->errorHandler(2, 'Undefined array key "id"', 'C:\\xampp\\htdocs\\codeigniter4-framework-c84d322\\app\\Views\\students\\index.php', 42)
 2 SYSTEMPATH\View\View.php(228): include('C:\\xampp\\htdocs\\codeigniter4-framework-c84d322\\app\\Views\\students\\index.php')
 3 SYSTEMPATH\View\View.php(231): CodeIgniter\View\View->CodeIgniter\View\{closure}()
 4 SYSTEMPATH\Common.php(1190): CodeIgniter\View\View->render('students/index.php', [], true)
 5 APPPATH\Controllers\Studentcontroller.php(11): view('students/index.php', [...])
 6 SYSTEMPATH\CodeIgniter.php(942): App\Controllers\Studentcontroller->index()
 7 SYSTEMPATH\CodeIgniter.php(502): CodeIgniter\CodeIgniter->runController(Object(App\Controllers\Studentcontroller))
 8 SYSTEMPATH\CodeIgniter.php(361): CodeIgniter\CodeIgniter->handleRequest(null, Object(Config\Cache), false)
 9 FCPATH\index.php(79): CodeIgniter\CodeIgniter->run()
CRITICAL - 2023-12-15 12:01:14 --> Undefined array key "id"
in APPPATH\Views\students\index.php on line 42.
 1 APPPATH\Views\students\index.php(42): CodeIgniter\Debug\Exceptions->errorHandler(2, 'Undefined array key "id"', 'C:\\xampp\\htdocs\\codeigniter4-framework-c84d322\\app\\Views\\students\\index.php', 42)
 2 SYSTEMPATH\View\View.php(228): include('C:\\xampp\\htdocs\\codeigniter4-framework-c84d322\\app\\Views\\students\\index.php')
 3 SYSTEMPATH\View\View.php(231): CodeIgniter\View\View->CodeIgniter\View\{closure}()
 4 SYSTEMPATH\Common.php(1190): CodeIgniter\View\View->render('students/index.php', [], true)
 5 APPPATH\Controllers\Studentcontroller.php(11): view('students/index.php', [...])
 6 SYSTEMPATH\CodeIgniter.php(942): App\Controllers\Studentcontroller->index()
 7 SYSTEMPATH\CodeIgniter.php(502): CodeIgniter\CodeIgniter->runController(Object(App\Controllers\Studentcontroller))
 8 SYSTEMPATH\CodeIgniter.php(361): CodeIgniter\CodeIgniter->handleRequest(null, Object(Config\Cache), false)
 9 FCPATH\index.php(79): CodeIgniter\CodeIgniter->run()
CRITICAL - 2023-12-15 12:01:36 --> Undefined array key "id"
in APPPATH\Views\students\index.php on line 42.
 1 APPPATH\Views\students\index.php(42): CodeIgniter\Debug\Exceptions->errorHandler(2, 'Undefined array key "id"', 'C:\\xampp\\htdocs\\codeigniter4-framework-c84d322\\app\\Views\\students\\index.php', 42)
 2 SYSTEMPATH\View\View.php(228): include('C:\\xampp\\htdocs\\codeigniter4-framework-c84d322\\app\\Views\\students\\index.php')
 3 SYSTEMPATH\View\View.php(231): CodeIgniter\View\View->CodeIgniter\View\{closure}()
 4 SYSTEMPATH\Common.php(1190): CodeIgniter\View\View->render('students/index.php', [], true)
 5 APPPATH\Controllers\Studentcontroller.php(11): view('students/index.php', [...])
 6 SYSTEMPATH\CodeIgniter.php(942): App\Controllers\Studentcontroller->index()
 7 SYSTEMPATH\CodeIgniter.php(502): CodeIgniter\CodeIgniter->runController(Object(App\Controllers\Studentcontroller))
 8 SYSTEMPATH\CodeIgniter.php(361): CodeIgniter\CodeIgniter->handleRequest(null, Object(Config\Cache), false)
 9 FCPATH\index.php(79): CodeIgniter\CodeIgniter->run()
CRITICAL - 2023-12-15 12:04:03 --> Undefined array key "id"
in APPPATH\Views\students\index.php on line 42.
 1 APPPATH\Views\students\index.php(42): CodeIgniter\Debug\Exceptions->errorHandler(2, 'Undefined array key "id"', 'C:\\xampp\\htdocs\\codeigniter4-framework-c84d322\\app\\Views\\students\\index.php', 42)
 2 SYSTEMPATH\View\View.php(228): include('C:\\xampp\\htdocs\\codeigniter4-framework-c84d322\\app\\Views\\students\\index.php')
 3 SYSTEMPATH\View\View.php(231): CodeIgniter\View\View->CodeIgniter\View\{closure}()
 4 SYSTEMPATH\Common.php(1190): CodeIgniter\View\View->render('students/index.php', [], true)
 5 APPPATH\Controllers\Studentcontroller.php(11): view('students/index.php', [...])
 6 SYSTEMPATH\CodeIgniter.php(942): App\Controllers\Studentcontroller->index()
 7 SYSTEMPATH\CodeIgniter.php(502): CodeIgniter\CodeIgniter->runController(Object(App\Controllers\Studentcontroller))
 8 SYSTEMPATH\CodeIgniter.php(361): CodeIgniter\CodeIgniter->handleRequest(null, Object(Config\Cache), false)
 9 FCPATH\index.php(79): CodeIgniter\CodeIgniter->run()
CRITICAL - 2023-12-15 12:04:18 --> Undefined array key "id"
in APPPATH\Views\students\index.php on line 42.
 1 APPPATH\Views\students\index.php(42): CodeIgniter\Debug\Exceptions->errorHandler(2, 'Undefined array key "id"', 'C:\\xampp\\htdocs\\codeigniter4-framework-c84d322\\app\\Views\\students\\index.php', 42)
 2 SYSTEMPATH\View\View.php(228): include('C:\\xampp\\htdocs\\codeigniter4-framework-c84d322\\app\\Views\\students\\index.php')
 3 SYSTEMPATH\View\View.php(231): CodeIgniter\View\View->CodeIgniter\View\{closure}()
 4 SYSTEMPATH\Common.php(1190): CodeIgniter\View\View->render('students/index.php', [], true)
 5 APPPATH\Controllers\Studentcontroller.php(11): view('students/index.php', [...])
 6 SYSTEMPATH\CodeIgniter.php(942): App\Controllers\Studentcontroller->index()
 7 SYSTEMPATH\CodeIgniter.php(502): CodeIgniter\CodeIgniter->runController(Object(App\Controllers\Studentcontroller))
 8 SYSTEMPATH\CodeIgniter.php(361): CodeIgniter\CodeIgniter->handleRequest(null, Object(Config\Cache), false)
 9 FCPATH\index.php(79): CodeIgniter\CodeIgniter->run()
CRITICAL - 2023-12-15 12:06:49 --> Undefined array key "id"
in APPPATH\Views\students\index.php on line 42.
 1 APPPATH\Views\students\index.php(42): CodeIgniter\Debug\Exceptions->errorHandler(2, 'Undefined array key "id"', 'C:\\xampp\\htdocs\\codeigniter4-framework-c84d322\\app\\Views\\students\\index.php', 42)
 2 SYSTEMPATH\View\View.php(228): include('C:\\xampp\\htdocs\\codeigniter4-framework-c84d322\\app\\Views\\students\\index.php')
 3 SYSTEMPATH\View\View.php(231): CodeIgniter\View\View->CodeIgniter\View\{closure}()
 4 SYSTEMPATH\Common.php(1190): CodeIgniter\View\View->render('students/index.php', [], true)
 5 APPPATH\Controllers\Studentcontroller.php(11): view('students/index.php', [...])
 6 SYSTEMPATH\CodeIgniter.php(942): App\Controllers\Studentcontroller->index()
 7 SYSTEMPATH\CodeIgniter.php(502): CodeIgniter\CodeIgniter->runController(Object(App\Controllers\Studentcontroller))
 8 SYSTEMPATH\CodeIgniter.php(361): CodeIgniter\CodeIgniter->handleRequest(null, Object(Config\Cache), false)
 9 FCPATH\index.php(79): CodeIgniter\CodeIgniter->run()
CRITICAL - 2023-12-15 13:39:22 --> Invalid file: "students/edit.php"
in SYSTEMPATH\Exceptions\FrameworkException.php on line 39.
 1 SYSTEMPATH\View\View.php(216): CodeIgniter\Exceptions\FrameworkException::forInvalidFile('students/edit.php')
 2 SYSTEMPATH\Common.php(1190): CodeIgniter\View\View->render('students/edit', [], true)
 3 APPPATH\Controllers\Studentcontroller.php(55): view('students/edit', [...])
 4 SYSTEMPATH\CodeIgniter.php(942): App\Controllers\Studentcontroller->edit('ggfg')
 5 SYSTEMPATH\CodeIgniter.php(502): CodeIgniter\CodeIgniter->runController(Object(App\Controllers\Studentcontroller))
 6 SYSTEMPATH\CodeIgniter.php(361): CodeIgniter\CodeIgniter->handleRequest(null, Object(Config\Cache), false)
 7 FCPATH\index.php(79): CodeIgniter\CodeIgniter->run()
CRITICAL - 2023-12-15 13:47:29 --> Undefined variable $students
in APPPATH\Views\students\index.php on line 38.
 1 APPPATH\Views\students\index.php(38): CodeIgniter\Debug\Exceptions->errorHandler(2, 'Undefined variable $students', 'C:\\xampp\\htdocs\\codeigniter4-framework-c84d322\\app\\Views\\students\\index.php', 38)
 2 SYSTEMPATH\View\View.php(228): include('C:\\xampp\\htdocs\\codeigniter4-framework-c84d322\\app\\Views\\students\\index.php')
 3 SYSTEMPATH\View\View.php(231): CodeIgniter\View\View->CodeIgniter\View\{closure}()
 4 SYSTEMPATH\Common.php(1190): CodeIgniter\View\View->render('students/index', [], true)
 5 APPPATH\Controllers\Studentcontroller.php(55): view('students/index', [...])
 6 SYSTEMPATH\CodeIgniter.php(942): App\Controllers\Studentcontroller->edit('ggfg')
 7 SYSTEMPATH\CodeIgniter.php(502): CodeIgniter\CodeIgniter->runController(Object(App\Controllers\Studentcontroller))
 8 SYSTEMPATH\CodeIgniter.php(361): CodeIgniter\CodeIgniter->handleRequest(null, Object(Config\Cache), false)
 9 FCPATH\index.php(79): CodeIgniter\CodeIgniter->run()
CRITICAL - 2023-12-15 13:50:14 --> Undefined variable $students
in APPPATH\Views\students\index.php on line 38.
 1 APPPATH\Views\students\index.php(38): CodeIgniter\Debug\Exceptions->errorHandler(2, 'Undefined variable $students', 'C:\\xampp\\htdocs\\codeigniter4-framework-c84d322\\app\\Views\\students\\index.php', 38)
 2 SYSTEMPATH\View\View.php(228): include('C:\\xampp\\htdocs\\codeigniter4-framework-c84d322\\app\\Views\\students\\index.php')
 3 SYSTEMPATH\View\View.php(231): CodeIgniter\View\View->CodeIgniter\View\{closure}()
 4 SYSTEMPATH\Common.php(1190): CodeIgniter\View\View->render('students/index', [], true)
 5 APPPATH\Controllers\Studentcontroller.php(55): view('students/index', [...])
 6 SYSTEMPATH\CodeIgniter.php(942): App\Controllers\Studentcontroller->edit('ggfg')
 7 SYSTEMPATH\CodeIgniter.php(502): CodeIgniter\CodeIgniter->runController(Object(App\Controllers\Studentcontroller))
 8 SYSTEMPATH\CodeIgniter.php(361): CodeIgniter\CodeIgniter->handleRequest(null, Object(Config\Cache), false)
 9 FCPATH\index.php(79): CodeIgniter\CodeIgniter->run()
CRITICAL - 2023-12-15 13:50:16 --> Undefined variable $students
in APPPATH\Views\students\index.php on line 38.
 1 APPPATH\Views\students\index.php(38): CodeIgniter\Debug\Exceptions->errorHandler(2, 'Undefined variable $students', 'C:\\xampp\\htdocs\\codeigniter4-framework-c84d322\\app\\Views\\students\\index.php', 38)
 2 SYSTEMPATH\View\View.php(228): include('C:\\xampp\\htdocs\\codeigniter4-framework-c84d322\\app\\Views\\students\\index.php')
 3 SYSTEMPATH\View\View.php(231): CodeIgniter\View\View->CodeIgniter\View\{closure}()
 4 SYSTEMPATH\Common.php(1190): CodeIgniter\View\View->render('students/index', [], true)
 5 APPPATH\Controllers\Studentcontroller.php(55): view('students/index', [...])
 6 SYSTEMPATH\CodeIgniter.php(942): App\Controllers\Studentcontroller->edit('ggfg')
 7 SYSTEMPATH\CodeIgniter.php(502): CodeIgniter\CodeIgniter->runController(Object(App\Controllers\Studentcontroller))
 8 SYSTEMPATH\CodeIgniter.php(361): CodeIgniter\CodeIgniter->handleRequest(null, Object(Config\Cache), false)
 9 FCPATH\index.php(79): CodeIgniter\CodeIgniter->run()
CRITICAL - 2023-12-15 13:50:23 --> Undefined variable $students
in APPPATH\Views\students\index.php on line 38.
 1 APPPATH\Views\students\index.php(38): CodeIgniter\Debug\Exceptions->errorHandler(2, 'Undefined variable $students', 'C:\\xampp\\htdocs\\codeigniter4-framework-c84d322\\app\\Views\\students\\index.php', 38)
 2 SYSTEMPATH\View\View.php(228): include('C:\\xampp\\htdocs\\codeigniter4-framework-c84d322\\app\\Views\\students\\index.php')
 3 SYSTEMPATH\View\View.php(231): CodeIgniter\View\View->CodeIgniter\View\{closure}()
 4 SYSTEMPATH\Common.php(1190): CodeIgniter\View\View->render('students/index', [], true)
 5 APPPATH\Controllers\Studentcontroller.php(55): view('students/index', [...])
 6 SYSTEMPATH\CodeIgniter.php(942): App\Controllers\Studentcontroller->edit('hgdhgdh')
 7 SYSTEMPATH\CodeIgniter.php(502): CodeIgniter\CodeIgniter->runController(Object(App\Controllers\Studentcontroller))
 8 SYSTEMPATH\CodeIgniter.php(361): CodeIgniter\CodeIgniter->handleRequest(null, Object(Config\Cache), false)
 9 FCPATH\index.php(79): CodeIgniter\CodeIgniter->run()
ERROR - 2023-12-15 13:52:41 --> mysqli_sql_exception: Duplicate entry 'hi' for key 'PRIMARY' in C:\xampp\htdocs\codeigniter4-framework-c84d322\system\Database\MySQLi\Connection.php:306
Stack trace:
#0 C:\xampp\htdocs\codeigniter4-framework-c84d322\system\Database\MySQLi\Connection.php(306): mysqli->query('INSERT INTO `fu...', 0)
#1 C:\xampp\htdocs\codeigniter4-framework-c84d322\system\Database\BaseConnection.php(693): CodeIgniter\Database\MySQLi\Connection->execute('INSERT INTO `fu...')
#2 C:\xampp\htdocs\codeigniter4-framework-c84d322\system\Database\BaseConnection.php(607): CodeIgniter\Database\BaseConnection->simpleQuery('INSERT INTO `fu...')
#3 C:\xampp\htdocs\codeigniter4-framework-c84d322\system\Database\BaseBuilder.php(2308): CodeIgniter\Database\BaseConnection->query('INSERT INTO `fu...', Array, false)
#4 C:\xampp\htdocs\codeigniter4-framework-c84d322\system\Model.php(319): CodeIgniter\Database\BaseBuilder->insert()
#5 C:\xampp\htdocs\codeigniter4-framework-c84d322\system\BaseModel.php(788): CodeIgniter\Model->doInsert(Array)
#6 C:\xampp\htdocs\codeigniter4-framework-c84d322\system\Model.php(715): CodeIgniter\BaseModel->insert(Array, false)
#7 C:\xampp\htdocs\codeigniter4-framework-c84d322\system\BaseModel.php(698): CodeIgniter\Model->insert(Array, false)
#8 C:\xampp\htdocs\codeigniter4-framework-c84d322\app\Controllers\Studentcontroller.php(27): CodeIgniter\BaseModel->save(Array)
#9 C:\xampp\htdocs\codeigniter4-framework-c84d322\system\CodeIgniter.php(942): App\Controllers\Studentcontroller->store()
#10 C:\xampp\htdocs\codeigniter4-framework-c84d322\system\CodeIgniter.php(502): CodeIgniter\CodeIgniter->runController(Object(App\Controllers\Studentcontroller))
#11 C:\xampp\htdocs\codeigniter4-framework-c84d322\system\CodeIgniter.php(361): CodeIgniter\CodeIgniter->handleRequest(NULL, Object(Config\Cache), false)
#12 C:\xampp\htdocs\codeigniter4-framework-c84d322\public\index.php(79): CodeIgniter\CodeIgniter->run()
#13 {main}
CRITICAL - 2023-12-15 13:52:41 --> Duplicate entry 'hi' for key 'PRIMARY'
in SYSTEMPATH\Database\BaseConnection.php on line 647.
 1 SYSTEMPATH\Database\BaseBuilder.php(2308): CodeIgniter\Database\BaseConnection->query('INSERT INTO `fullname` (`name`, `email`, `URN`, `phone`) VALUES (:name:, :email:, :URN:, :phone:)', [...], false)
 2 SYSTEMPATH\Model.php(319): CodeIgniter\Database\BaseBuilder->insert()
 3 SYSTEMPATH\BaseModel.php(788): CodeIgniter\Model->doInsert([...])
 4 SYSTEMPATH\Model.php(715): CodeIgniter\BaseModel->insert([...], false)
 5 SYSTEMPATH\BaseModel.php(698): CodeIgniter\Model->insert([...], false)
 6 APPPATH\Controllers\Studentcontroller.php(27): CodeIgniter\BaseModel->save([...])
 7 SYSTEMPATH\CodeIgniter.php(942): App\Controllers\Studentcontroller->store()
 8 SYSTEMPATH\CodeIgniter.php(502): CodeIgniter\CodeIgniter->runController(Object(App\Controllers\Studentcontroller))
 9 SYSTEMPATH\CodeIgniter.php(361): CodeIgniter\CodeIgniter->handleRequest(null, Object(Config\Cache), false)
10 FCPATH\index.php(79): CodeIgniter\CodeIgniter->run()
