ERROR - 2023-12-16 08:39:37 --> mysqli_sql_exception: Duplicate entry 'aasu' for key 'PRIMARY' in C:\xampp\htdocs\codeigniter4-framework-c84d322\system\Database\MySQLi\Connection.php:306
Stack trace:
#0 C:\xampp\htdocs\codeigniter4-framework-c84d322\system\Database\MySQLi\Connection.php(306): mysqli->query('INSERT INTO `fu...', 0)
#1 C:\xampp\htdocs\codeigniter4-framework-c84d322\system\Database\BaseConnection.php(693): CodeIgniter\Database\MySQLi\Connection->execute('INSERT INTO `fu...')
#2 C:\xampp\htdocs\codeigniter4-framework-c84d322\system\Database\BaseConnection.php(607): CodeIgniter\Database\BaseConnection->simpleQuery('INSERT INTO `fu...')
#3 C:\xampp\htdocs\codeigniter4-framework-c84d322\system\Database\BaseBuilder.php(2308): CodeIgniter\Database\BaseConnection->query('INSERT INTO `fu...', Array, false)
#4 C:\xampp\htdocs\codeigniter4-framework-c84d322\system\Model.php(319): CodeIgniter\Database\BaseBuilder->insert()
#5 C:\xampp\htdocs\codeigniter4-framework-c84d322\system\BaseModel.php(788): CodeIgniter\Model->doInsert(Array)
#6 C:\xampp\htdocs\codeigniter4-framework-c84d322\system\Model.php(715): CodeIgniter\BaseModel->insert(Array, false)
#7 C:\xampp\htdocs\codeigniter4-framework-c84d322\system\BaseModel.php(698): CodeIgniter\Model->insert(Array, false)
#8 C:\xampp\htdocs\codeigniter4-framework-c84d322\app\Controllers\Studentcontroller.php(28): CodeIgniter\BaseModel->save(Array)
#9 C:\xampp\htdocs\codeigniter4-framework-c84d322\system\CodeIgniter.php(942): App\Controllers\Studentcontroller->store()
#10 C:\xampp\htdocs\codeigniter4-framework-c84d322\system\CodeIgniter.php(502): CodeIgniter\CodeIgniter->runController(Object(App\Controllers\Studentcontroller))
#11 C:\xampp\htdocs\codeigniter4-framework-c84d322\system\CodeIgniter.php(361): CodeIgniter\CodeIgniter->handleRequest(NULL, Object(Config\Cache), false)
#12 C:\xampp\htdocs\codeigniter4-framework-c84d322\public\index.php(79): CodeIgniter\CodeIgniter->run()
#13 {main}
CRITICAL - 2023-12-16 08:39:37 --> Duplicate entry 'aasu' for key 'PRIMARY'
in SYSTEMPATH\Database\BaseConnection.php on line 647.
 1 SYSTEMPATH\Database\BaseBuilder.php(2308): CodeIgniter\Database\BaseConnection->query('INSERT INTO `fullname` (`name`, `email`, `URN`, `phone`, `Regular`) VALUES (:name:, :email:, :URN:, :phone:, :Regular:)', [...], false)
 2 SYSTEMPATH\Model.php(319): CodeIgniter\Database\BaseBuilder->insert()
 3 SYSTEMPATH\BaseModel.php(788): CodeIgniter\Model->doInsert([...])
 4 SYSTEMPATH\Model.php(715): CodeIgniter\BaseModel->insert([...], false)
 5 SYSTEMPATH\BaseModel.php(698): CodeIgniter\Model->insert([...], false)
 6 APPPATH\Controllers\Studentcontroller.php(28): CodeIgniter\BaseModel->save([...])
 7 SYSTEMPATH\CodeIgniter.php(942): App\Controllers\Studentcontroller->store()
 8 SYSTEMPATH\CodeIgniter.php(502): CodeIgniter\CodeIgniter->runController(Object(App\Controllers\Studentcontroller))
 9 SYSTEMPATH\CodeIgniter.php(361): CodeIgniter\CodeIgniter->handleRequest(null, Object(Config\Cache), false)
10 FCPATH\index.php(79): CodeIgniter\CodeIgniter->run()
ERROR - 2023-12-16 08:40:31 --> mysqli_sql_exception: Duplicate entry 'aasu' for key 'PRIMARY' in C:\xampp\htdocs\codeigniter4-framework-c84d322\system\Database\MySQLi\Connection.php:306
Stack trace:
#0 C:\xampp\htdocs\codeigniter4-framework-c84d322\system\Database\MySQLi\Connection.php(306): mysqli->query('INSERT INTO `fu...', 0)
#1 C:\xampp\htdocs\codeigniter4-framework-c84d322\system\Database\BaseConnection.php(693): CodeIgniter\Database\MySQLi\Connection->execute('INSERT INTO `fu...')
#2 C:\xampp\htdocs\codeigniter4-framework-c84d322\system\Database\BaseConnection.php(607): CodeIgniter\Database\BaseConnection->simpleQuery('INSERT INTO `fu...')
#3 C:\xampp\htdocs\codeigniter4-framework-c84d322\system\Database\BaseBuilder.php(2308): CodeIgniter\Database\BaseConnection->query('INSERT INTO `fu...', Array, false)
#4 C:\xampp\htdocs\codeigniter4-framework-c84d322\system\Model.php(319): CodeIgniter\Database\BaseBuilder->insert()
#5 C:\xampp\htdocs\codeigniter4-framework-c84d322\system\BaseModel.php(788): CodeIgniter\Model->doInsert(Array)
#6 C:\xampp\htdocs\codeigniter4-framework-c84d322\system\Model.php(715): CodeIgniter\BaseModel->insert(Array, false)
#7 C:\xampp\htdocs\codeigniter4-framework-c84d322\system\BaseModel.php(698): CodeIgniter\Model->insert(Array, false)
#8 C:\xampp\htdocs\codeigniter4-framework-c84d322\app\Controllers\Studentcontroller.php(28): CodeIgniter\BaseModel->save(Array)
#9 C:\xampp\htdocs\codeigniter4-framework-c84d322\system\CodeIgniter.php(942): App\Controllers\Studentcontroller->store()
#10 C:\xampp\htdocs\codeigniter4-framework-c84d322\system\CodeIgniter.php(502): CodeIgniter\CodeIgniter->runController(Object(App\Controllers\Studentcontroller))
#11 C:\xampp\htdocs\codeigniter4-framework-c84d322\system\CodeIgniter.php(361): CodeIgniter\CodeIgniter->handleRequest(NULL, Object(Config\Cache), false)
#12 C:\xampp\htdocs\codeigniter4-framework-c84d322\public\index.php(79): CodeIgniter\CodeIgniter->run()
#13 {main}
CRITICAL - 2023-12-16 08:40:31 --> Duplicate entry 'aasu' for key 'PRIMARY'
in SYSTEMPATH\Database\BaseConnection.php on line 647.
 1 SYSTEMPATH\Database\BaseBuilder.php(2308): CodeIgniter\Database\BaseConnection->query('INSERT INTO `fullname` (`name`, `email`, `URN`, `phone`, `Regular`) VALUES (:name:, :email:, :URN:, :phone:, :Regular:)', [...], false)
 2 SYSTEMPATH\Model.php(319): CodeIgniter\Database\BaseBuilder->insert()
 3 SYSTEMPATH\BaseModel.php(788): CodeIgniter\Model->doInsert([...])
 4 SYSTEMPATH\Model.php(715): CodeIgniter\BaseModel->insert([...], false)
 5 SYSTEMPATH\BaseModel.php(698): CodeIgniter\Model->insert([...], false)
 6 APPPATH\Controllers\Studentcontroller.php(28): CodeIgniter\BaseModel->save([...])
 7 SYSTEMPATH\CodeIgniter.php(942): App\Controllers\Studentcontroller->store()
 8 SYSTEMPATH\CodeIgniter.php(502): CodeIgniter\CodeIgniter->runController(Object(App\Controllers\Studentcontroller))
 9 SYSTEMPATH\CodeIgniter.php(361): CodeIgniter\CodeIgniter->handleRequest(null, Object(Config\Cache), false)
10 FCPATH\index.php(79): CodeIgniter\CodeIgniter->run()
ERROR - 2023-12-16 08:40:50 --> mysqli_sql_exception: Duplicate entry 'aasu' for key 'PRIMARY' in C:\xampp\htdocs\codeigniter4-framework-c84d322\system\Database\MySQLi\Connection.php:306
Stack trace:
#0 C:\xampp\htdocs\codeigniter4-framework-c84d322\system\Database\MySQLi\Connection.php(306): mysqli->query('INSERT INTO `fu...', 0)
#1 C:\xampp\htdocs\codeigniter4-framework-c84d322\system\Database\BaseConnection.php(693): CodeIgniter\Database\MySQLi\Connection->execute('INSERT INTO `fu...')
#2 C:\xampp\htdocs\codeigniter4-framework-c84d322\system\Database\BaseConnection.php(607): CodeIgniter\Database\BaseConnection->simpleQuery('INSERT INTO `fu...')
#3 C:\xampp\htdocs\codeigniter4-framework-c84d322\system\Database\BaseBuilder.php(2308): CodeIgniter\Database\BaseConnection->query('INSERT INTO `fu...', Array, false)
#4 C:\xampp\htdocs\codeigniter4-framework-c84d322\system\Model.php(319): CodeIgniter\Database\BaseBuilder->insert()
#5 C:\xampp\htdocs\codeigniter4-framework-c84d322\system\BaseModel.php(788): CodeIgniter\Model->doInsert(Array)
#6 C:\xampp\htdocs\codeigniter4-framework-c84d322\system\Model.php(715): CodeIgniter\BaseModel->insert(Array, false)
#7 C:\xampp\htdocs\codeigniter4-framework-c84d322\system\BaseModel.php(698): CodeIgniter\Model->insert(Array, false)
#8 C:\xampp\htdocs\codeigniter4-framework-c84d322\app\Controllers\Studentcontroller.php(28): CodeIgniter\BaseModel->save(Array)
#9 C:\xampp\htdocs\codeigniter4-framework-c84d322\system\CodeIgniter.php(942): App\Controllers\Studentcontroller->store()
#10 C:\xampp\htdocs\codeigniter4-framework-c84d322\system\CodeIgniter.php(502): CodeIgniter\CodeIgniter->runController(Object(App\Controllers\Studentcontroller))
#11 C:\xampp\htdocs\codeigniter4-framework-c84d322\system\CodeIgniter.php(361): CodeIgniter\CodeIgniter->handleRequest(NULL, Object(Config\Cache), false)
#12 C:\xampp\htdocs\codeigniter4-framework-c84d322\public\index.php(79): CodeIgniter\CodeIgniter->run()
#13 {main}
CRITICAL - 2023-12-16 08:40:50 --> Duplicate entry 'aasu' for key 'PRIMARY'
in SYSTEMPATH\Database\BaseConnection.php on line 647.
 1 SYSTEMPATH\Database\BaseBuilder.php(2308): CodeIgniter\Database\BaseConnection->query('INSERT INTO `fullname` (`name`, `email`, `URN`, `phone`, `Regular`) VALUES (:name:, :email:, :URN:, :phone:, :Regular:)', [...], false)
 2 SYSTEMPATH\Model.php(319): CodeIgniter\Database\BaseBuilder->insert()
 3 SYSTEMPATH\BaseModel.php(788): CodeIgniter\Model->doInsert([...])
 4 SYSTEMPATH\Model.php(715): CodeIgniter\BaseModel->insert([...], false)
 5 SYSTEMPATH\BaseModel.php(698): CodeIgniter\Model->insert([...], false)
 6 APPPATH\Controllers\Studentcontroller.php(28): CodeIgniter\BaseModel->save([...])
 7 SYSTEMPATH\CodeIgniter.php(942): App\Controllers\Studentcontroller->store()
 8 SYSTEMPATH\CodeIgniter.php(502): CodeIgniter\CodeIgniter->runController(Object(App\Controllers\Studentcontroller))
 9 SYSTEMPATH\CodeIgniter.php(361): CodeIgniter\CodeIgniter->handleRequest(null, Object(Config\Cache), false)
10 FCPATH\index.php(79): CodeIgniter\CodeIgniter->run()
ERROR - 2023-12-16 08:44:39 --> mysqli_sql_exception: Duplicate entry '15454' for key 'PRIMARY' in C:\xampp\htdocs\codeigniter4-framework-c84d322\system\Database\MySQLi\Connection.php:306
Stack trace:
#0 C:\xampp\htdocs\codeigniter4-framework-c84d322\system\Database\MySQLi\Connection.php(306): mysqli->query('INSERT INTO `fu...', 0)
#1 C:\xampp\htdocs\codeigniter4-framework-c84d322\system\Database\BaseConnection.php(693): CodeIgniter\Database\MySQLi\Connection->execute('INSERT INTO `fu...')
#2 C:\xampp\htdocs\codeigniter4-framework-c84d322\system\Database\BaseConnection.php(607): CodeIgniter\Database\BaseConnection->simpleQuery('INSERT INTO `fu...')
#3 C:\xampp\htdocs\codeigniter4-framework-c84d322\system\Database\BaseBuilder.php(2308): CodeIgniter\Database\BaseConnection->query('INSERT INTO `fu...', Array, false)
#4 C:\xampp\htdocs\codeigniter4-framework-c84d322\system\Model.php(319): CodeIgniter\Database\BaseBuilder->insert()
#5 C:\xampp\htdocs\codeigniter4-framework-c84d322\system\BaseModel.php(788): CodeIgniter\Model->doInsert(Array)
#6 C:\xampp\htdocs\codeigniter4-framework-c84d322\system\Model.php(715): CodeIgniter\BaseModel->insert(Array, false)
#7 C:\xampp\htdocs\codeigniter4-framework-c84d322\system\BaseModel.php(698): CodeIgniter\Model->insert(Array, false)
#8 C:\xampp\htdocs\codeigniter4-framework-c84d322\app\Controllers\Studentcontroller.php(28): CodeIgniter\BaseModel->save(Array)
#9 C:\xampp\htdocs\codeigniter4-framework-c84d322\system\CodeIgniter.php(942): App\Controllers\Studentcontroller->store()
#10 C:\xampp\htdocs\codeigniter4-framework-c84d322\system\CodeIgniter.php(502): CodeIgniter\CodeIgniter->runController(Object(App\Controllers\Studentcontroller))
#11 C:\xampp\htdocs\codeigniter4-framework-c84d322\system\CodeIgniter.php(361): CodeIgniter\CodeIgniter->handleRequest(NULL, Object(Config\Cache), false)
#12 C:\xampp\htdocs\codeigniter4-framework-c84d322\public\index.php(79): CodeIgniter\CodeIgniter->run()
#13 {main}
CRITICAL - 2023-12-16 08:44:39 --> Duplicate entry '15454' for key 'PRIMARY'
in SYSTEMPATH\Database\BaseConnection.php on line 647.
 1 SYSTEMPATH\Database\BaseBuilder.php(2308): CodeIgniter\Database\BaseConnection->query('INSERT INTO `fullname` (`name`, `email`, `URN`, `phone`, `Regular`) VALUES (:name:, :email:, :URN:, :phone:, :Regular:)', [...], false)
 2 SYSTEMPATH\Model.php(319): CodeIgniter\Database\BaseBuilder->insert()
 3 SYSTEMPATH\BaseModel.php(788): CodeIgniter\Model->doInsert([...])
 4 SYSTEMPATH\Model.php(715): CodeIgniter\BaseModel->insert([...], false)
 5 SYSTEMPATH\BaseModel.php(698): CodeIgniter\Model->insert([...], false)
 6 APPPATH\Controllers\Studentcontroller.php(28): CodeIgniter\BaseModel->save([...])
 7 SYSTEMPATH\CodeIgniter.php(942): App\Controllers\Studentcontroller->store()
 8 SYSTEMPATH\CodeIgniter.php(502): CodeIgniter\CodeIgniter->runController(Object(App\Controllers\Studentcontroller))
 9 SYSTEMPATH\CodeIgniter.php(361): CodeIgniter\CodeIgniter->handleRequest(null, Object(Config\Cache), false)
10 FCPATH\index.php(79): CodeIgniter\CodeIgniter->run()
ERROR - 2023-12-16 08:48:24 --> mysqli_sql_exception: Duplicate entry '2147483647' for key 'PRIMARY' in C:\xampp\htdocs\codeigniter4-framework-c84d322\system\Database\MySQLi\Connection.php:306
Stack trace:
#0 C:\xampp\htdocs\codeigniter4-framework-c84d322\system\Database\MySQLi\Connection.php(306): mysqli->query('INSERT INTO `fu...', 0)
#1 C:\xampp\htdocs\codeigniter4-framework-c84d322\system\Database\BaseConnection.php(693): CodeIgniter\Database\MySQLi\Connection->execute('INSERT INTO `fu...')
#2 C:\xampp\htdocs\codeigniter4-framework-c84d322\system\Database\BaseConnection.php(607): CodeIgniter\Database\BaseConnection->simpleQuery('INSERT INTO `fu...')
#3 C:\xampp\htdocs\codeigniter4-framework-c84d322\system\Database\BaseBuilder.php(2308): CodeIgniter\Database\BaseConnection->query('INSERT INTO `fu...', Array, false)
#4 C:\xampp\htdocs\codeigniter4-framework-c84d322\system\Model.php(319): CodeIgniter\Database\BaseBuilder->insert()
#5 C:\xampp\htdocs\codeigniter4-framework-c84d322\system\BaseModel.php(788): CodeIgniter\Model->doInsert(Array)
#6 C:\xampp\htdocs\codeigniter4-framework-c84d322\system\Model.php(715): CodeIgniter\BaseModel->insert(Array, false)
#7 C:\xampp\htdocs\codeigniter4-framework-c84d322\system\BaseModel.php(698): CodeIgniter\Model->insert(Array, false)
#8 C:\xampp\htdocs\codeigniter4-framework-c84d322\app\Controllers\Studentcontroller.php(28): CodeIgniter\BaseModel->save(Array)
#9 C:\xampp\htdocs\codeigniter4-framework-c84d322\system\CodeIgniter.php(942): App\Controllers\Studentcontroller->store()
#10 C:\xampp\htdocs\codeigniter4-framework-c84d322\system\CodeIgniter.php(502): CodeIgniter\CodeIgniter->runController(Object(App\Controllers\Studentcontroller))
#11 C:\xampp\htdocs\codeigniter4-framework-c84d322\system\CodeIgniter.php(361): CodeIgniter\CodeIgniter->handleRequest(NULL, Object(Config\Cache), false)
#12 C:\xampp\htdocs\codeigniter4-framework-c84d322\public\index.php(79): CodeIgniter\CodeIgniter->run()
#13 {main}
CRITICAL - 2023-12-16 08:48:24 --> Duplicate entry '2147483647' for key 'PRIMARY'
in SYSTEMPATH\Database\BaseConnection.php on line 647.
 1 SYSTEMPATH\Database\BaseBuilder.php(2308): CodeIgniter\Database\BaseConnection->query('INSERT INTO `fullname` (`name`, `email`, `URN`, `phone`, `Regular`) VALUES (:name:, :email:, :URN:, :phone:, :Regular:)', [...], false)
 2 SYSTEMPATH\Model.php(319): CodeIgniter\Database\BaseBuilder->insert()
 3 SYSTEMPATH\BaseModel.php(788): CodeIgniter\Model->doInsert([...])
 4 SYSTEMPATH\Model.php(715): CodeIgniter\BaseModel->insert([...], false)
 5 SYSTEMPATH\BaseModel.php(698): CodeIgniter\Model->insert([...], false)
 6 APPPATH\Controllers\Studentcontroller.php(28): CodeIgniter\BaseModel->save([...])
 7 SYSTEMPATH\CodeIgniter.php(942): App\Controllers\Studentcontroller->store()
 8 SYSTEMPATH\CodeIgniter.php(502): CodeIgniter\CodeIgniter->runController(Object(App\Controllers\Studentcontroller))
 9 SYSTEMPATH\CodeIgniter.php(361): CodeIgniter\CodeIgniter->handleRequest(null, Object(Config\Cache), false)
10 FCPATH\index.php(79): CodeIgniter\CodeIgniter->run()
ERROR - 2023-12-16 08:48:34 --> mysqli_sql_exception: Duplicate entry '2147483647' for key 'PRIMARY' in C:\xampp\htdocs\codeigniter4-framework-c84d322\system\Database\MySQLi\Connection.php:306
Stack trace:
#0 C:\xampp\htdocs\codeigniter4-framework-c84d322\system\Database\MySQLi\Connection.php(306): mysqli->query('INSERT INTO `fu...', 0)
#1 C:\xampp\htdocs\codeigniter4-framework-c84d322\system\Database\BaseConnection.php(693): CodeIgniter\Database\MySQLi\Connection->execute('INSERT INTO `fu...')
#2 C:\xampp\htdocs\codeigniter4-framework-c84d322\system\Database\BaseConnection.php(607): CodeIgniter\Database\BaseConnection->simpleQuery('INSERT INTO `fu...')
#3 C:\xampp\htdocs\codeigniter4-framework-c84d322\system\Database\BaseBuilder.php(2308): CodeIgniter\Database\BaseConnection->query('INSERT INTO `fu...', Array, false)
#4 C:\xampp\htdocs\codeigniter4-framework-c84d322\system\Model.php(319): CodeIgniter\Database\BaseBuilder->insert()
#5 C:\xampp\htdocs\codeigniter4-framework-c84d322\system\BaseModel.php(788): CodeIgniter\Model->doInsert(Array)
#6 C:\xampp\htdocs\codeigniter4-framework-c84d322\system\Model.php(715): CodeIgniter\BaseModel->insert(Array, false)
#7 C:\xampp\htdocs\codeigniter4-framework-c84d322\system\BaseModel.php(698): CodeIgniter\Model->insert(Array, false)
#8 C:\xampp\htdocs\codeigniter4-framework-c84d322\app\Controllers\Studentcontroller.php(28): CodeIgniter\BaseModel->save(Array)
#9 C:\xampp\htdocs\codeigniter4-framework-c84d322\system\CodeIgniter.php(942): App\Controllers\Studentcontroller->store()
#10 C:\xampp\htdocs\codeigniter4-framework-c84d322\system\CodeIgniter.php(502): CodeIgniter\CodeIgniter->runController(Object(App\Controllers\Studentcontroller))
#11 C:\xampp\htdocs\codeigniter4-framework-c84d322\system\CodeIgniter.php(361): CodeIgniter\CodeIgniter->handleRequest(NULL, Object(Config\Cache), false)
#12 C:\xampp\htdocs\codeigniter4-framework-c84d322\public\index.php(79): CodeIgniter\CodeIgniter->run()
#13 {main}
CRITICAL - 2023-12-16 08:48:34 --> Duplicate entry '2147483647' for key 'PRIMARY'
in SYSTEMPATH\Database\BaseConnection.php on line 647.
 1 SYSTEMPATH\Database\BaseBuilder.php(2308): CodeIgniter\Database\BaseConnection->query('INSERT INTO `fullname` (`name`, `email`, `URN`, `phone`, `Regular`) VALUES (:name:, :email:, :URN:, :phone:, :Regular:)', [...], false)
 2 SYSTEMPATH\Model.php(319): CodeIgniter\Database\BaseBuilder->insert()
 3 SYSTEMPATH\BaseModel.php(788): CodeIgniter\Model->doInsert([...])
 4 SYSTEMPATH\Model.php(715): CodeIgniter\BaseModel->insert([...], false)
 5 SYSTEMPATH\BaseModel.php(698): CodeIgniter\Model->insert([...], false)
 6 APPPATH\Controllers\Studentcontroller.php(28): CodeIgniter\BaseModel->save([...])
 7 SYSTEMPATH\CodeIgniter.php(942): App\Controllers\Studentcontroller->store()
 8 SYSTEMPATH\CodeIgniter.php(502): CodeIgniter\CodeIgniter->runController(Object(App\Controllers\Studentcontroller))
 9 SYSTEMPATH\CodeIgniter.php(361): CodeIgniter\CodeIgniter->handleRequest(null, Object(Config\Cache), false)
10 FCPATH\index.php(79): CodeIgniter\CodeIgniter->run()
ERROR - 2023-12-16 08:48:54 --> mysqli_sql_exception: Duplicate entry '2147483647' for key 'PRIMARY' in C:\xampp\htdocs\codeigniter4-framework-c84d322\system\Database\MySQLi\Connection.php:306
Stack trace:
#0 C:\xampp\htdocs\codeigniter4-framework-c84d322\system\Database\MySQLi\Connection.php(306): mysqli->query('INSERT INTO `fu...', 0)
#1 C:\xampp\htdocs\codeigniter4-framework-c84d322\system\Database\BaseConnection.php(693): CodeIgniter\Database\MySQLi\Connection->execute('INSERT INTO `fu...')
#2 C:\xampp\htdocs\codeigniter4-framework-c84d322\system\Database\BaseConnection.php(607): CodeIgniter\Database\BaseConnection->simpleQuery('INSERT INTO `fu...')
#3 C:\xampp\htdocs\codeigniter4-framework-c84d322\system\Database\BaseBuilder.php(2308): CodeIgniter\Database\BaseConnection->query('INSERT INTO `fu...', Array, false)
#4 C:\xampp\htdocs\codeigniter4-framework-c84d322\system\Model.php(319): CodeIgniter\Database\BaseBuilder->insert()
#5 C:\xampp\htdocs\codeigniter4-framework-c84d322\system\BaseModel.php(788): CodeIgniter\Model->doInsert(Array)
#6 C:\xampp\htdocs\codeigniter4-framework-c84d322\system\Model.php(715): CodeIgniter\BaseModel->insert(Array, false)
#7 C:\xampp\htdocs\codeigniter4-framework-c84d322\system\BaseModel.php(698): CodeIgniter\Model->insert(Array, false)
#8 C:\xampp\htdocs\codeigniter4-framework-c84d322\app\Controllers\Studentcontroller.php(28): CodeIgniter\BaseModel->save(Array)
#9 C:\xampp\htdocs\codeigniter4-framework-c84d322\system\CodeIgniter.php(942): App\Controllers\Studentcontroller->store()
#10 C:\xampp\htdocs\codeigniter4-framework-c84d322\system\CodeIgniter.php(502): CodeIgniter\CodeIgniter->runController(Object(App\Controllers\Studentcontroller))
#11 C:\xampp\htdocs\codeigniter4-framework-c84d322\system\CodeIgniter.php(361): CodeIgniter\CodeIgniter->handleRequest(NULL, Object(Config\Cache), false)
#12 C:\xampp\htdocs\codeigniter4-framework-c84d322\public\index.php(79): CodeIgniter\CodeIgniter->run()
#13 {main}
CRITICAL - 2023-12-16 08:48:54 --> Duplicate entry '2147483647' for key 'PRIMARY'
in SYSTEMPATH\Database\BaseConnection.php on line 647.
 1 SYSTEMPATH\Database\BaseBuilder.php(2308): CodeIgniter\Database\BaseConnection->query('INSERT INTO `fullname` (`name`, `email`, `URN`, `phone`, `Regular`) VALUES (:name:, :email:, :URN:, :phone:, :Regular:)', [...], false)
 2 SYSTEMPATH\Model.php(319): CodeIgniter\Database\BaseBuilder->insert()
 3 SYSTEMPATH\BaseModel.php(788): CodeIgniter\Model->doInsert([...])
 4 SYSTEMPATH\Model.php(715): CodeIgniter\BaseModel->insert([...], false)
 5 SYSTEMPATH\BaseModel.php(698): CodeIgniter\Model->insert([...], false)
 6 APPPATH\Controllers\Studentcontroller.php(28): CodeIgniter\BaseModel->save([...])
 7 SYSTEMPATH\CodeIgniter.php(942): App\Controllers\Studentcontroller->store()
 8 SYSTEMPATH\CodeIgniter.php(502): CodeIgniter\CodeIgniter->runController(Object(App\Controllers\Studentcontroller))
 9 SYSTEMPATH\CodeIgniter.php(361): CodeIgniter\CodeIgniter->handleRequest(null, Object(Config\Cache), false)
10 FCPATH\index.php(79): CodeIgniter\CodeIgniter->run()
ERROR - 2023-12-16 08:49:05 --> mysqli_sql_exception: Duplicate entry '2147483647' for key 'PRIMARY' in C:\xampp\htdocs\codeigniter4-framework-c84d322\system\Database\MySQLi\Connection.php:306
Stack trace:
#0 C:\xampp\htdocs\codeigniter4-framework-c84d322\system\Database\MySQLi\Connection.php(306): mysqli->query('INSERT INTO `fu...', 0)
#1 C:\xampp\htdocs\codeigniter4-framework-c84d322\system\Database\BaseConnection.php(693): CodeIgniter\Database\MySQLi\Connection->execute('INSERT INTO `fu...')
#2 C:\xampp\htdocs\codeigniter4-framework-c84d322\system\Database\BaseConnection.php(607): CodeIgniter\Database\BaseConnection->simpleQuery('INSERT INTO `fu...')
#3 C:\xampp\htdocs\codeigniter4-framework-c84d322\system\Database\BaseBuilder.php(2308): CodeIgniter\Database\BaseConnection->query('INSERT INTO `fu...', Array, false)
#4 C:\xampp\htdocs\codeigniter4-framework-c84d322\system\Model.php(319): CodeIgniter\Database\BaseBuilder->insert()
#5 C:\xampp\htdocs\codeigniter4-framework-c84d322\system\BaseModel.php(788): CodeIgniter\Model->doInsert(Array)
#6 C:\xampp\htdocs\codeigniter4-framework-c84d322\system\Model.php(715): CodeIgniter\BaseModel->insert(Array, false)
#7 C:\xampp\htdocs\codeigniter4-framework-c84d322\system\BaseModel.php(698): CodeIgniter\Model->insert(Array, false)
#8 C:\xampp\htdocs\codeigniter4-framework-c84d322\app\Controllers\Studentcontroller.php(28): CodeIgniter\BaseModel->save(Array)
#9 C:\xampp\htdocs\codeigniter4-framework-c84d322\system\CodeIgniter.php(942): App\Controllers\Studentcontroller->store()
#10 C:\xampp\htdocs\codeigniter4-framework-c84d322\system\CodeIgniter.php(502): CodeIgniter\CodeIgniter->runController(Object(App\Controllers\Studentcontroller))
#11 C:\xampp\htdocs\codeigniter4-framework-c84d322\system\CodeIgniter.php(361): CodeIgniter\CodeIgniter->handleRequest(NULL, Object(Config\Cache), false)
#12 C:\xampp\htdocs\codeigniter4-framework-c84d322\public\index.php(79): CodeIgniter\CodeIgniter->run()
#13 {main}
CRITICAL - 2023-12-16 08:49:05 --> Duplicate entry '2147483647' for key 'PRIMARY'
in SYSTEMPATH\Database\BaseConnection.php on line 647.
 1 SYSTEMPATH\Database\BaseBuilder.php(2308): CodeIgniter\Database\BaseConnection->query('INSERT INTO `fullname` (`name`, `email`, `URN`, `phone`, `Regular`) VALUES (:name:, :email:, :URN:, :phone:, :Regular:)', [...], false)
 2 SYSTEMPATH\Model.php(319): CodeIgniter\Database\BaseBuilder->insert()
 3 SYSTEMPATH\BaseModel.php(788): CodeIgniter\Model->doInsert([...])
 4 SYSTEMPATH\Model.php(715): CodeIgniter\BaseModel->insert([...], false)
 5 SYSTEMPATH\BaseModel.php(698): CodeIgniter\Model->insert([...], false)
 6 APPPATH\Controllers\Studentcontroller.php(28): CodeIgniter\BaseModel->save([...])
 7 SYSTEMPATH\CodeIgniter.php(942): App\Controllers\Studentcontroller->store()
 8 SYSTEMPATH\CodeIgniter.php(502): CodeIgniter\CodeIgniter->runController(Object(App\Controllers\Studentcontroller))
 9 SYSTEMPATH\CodeIgniter.php(361): CodeIgniter\CodeIgniter->handleRequest(null, Object(Config\Cache), false)
10 FCPATH\index.php(79): CodeIgniter\CodeIgniter->run()
